#! /usr/local/Cellar/icarus-verilog/11.0/bin/vvp
:ivl_version "11.0 (stable)";
:ivl_delay_selection "TYPICAL";
:vpi_time_precision + 0;
:vpi_module "/usr/local/Cellar/icarus-verilog/11.0/lib/ivl/system.vpi";
:vpi_module "/usr/local/Cellar/icarus-verilog/11.0/lib/ivl/vhdl_sys.vpi";
:vpi_module "/usr/local/Cellar/icarus-verilog/11.0/lib/ivl/vhdl_textio.vpi";
:vpi_module "/usr/local/Cellar/icarus-verilog/11.0/lib/ivl/v2005_math.vpi";
:vpi_module "/usr/local/Cellar/icarus-verilog/11.0/lib/ivl/va_math.vpi";
:vpi_module "/usr/local/Cellar/icarus-verilog/11.0/lib/ivl/v2009.vpi";
S_0x7f81f9105b90 .scope package, "$unit" "$unit" 2 1;
 .timescale 0 0;
S_0x7f81f9105d00 .scope module, "testbench" "testbench" 3 1;
 .timescale 0 0;
v0x600002e30510_0 .var "d1", 11 0;
v0x600002e305a0_0 .net "e1", 2 0, v0x600002e30090_0;  1 drivers
v0x600002e30630_0 .net "f1", 3 0, v0x600002e30120_0;  1 drivers
v0x600002e306c0_0 .net "s1", 0 0, v0x600002e301b0_0;  1 drivers
S_0x7f81f91043f0 .scope module, "n" "FPCVT" 3 17, 4 1 0, S_0x7f81f9105d00;
 .timescale 0 0;
    .port_info 0 /INPUT 12 "D";
    .port_info 1 /OUTPUT 1 "S";
    .port_info 2 /OUTPUT 3 "E";
    .port_info 3 /OUTPUT 4 "F";
v0x600002e30000_0 .net "D", 11 0, v0x600002e30510_0;  1 drivers
v0x600002e30090_0 .var "E", 2 0;
v0x600002e30120_0 .var "F", 3 0;
v0x600002e301b0_0 .var "S", 0 0;
v0x600002e30240_0 .var/i "i", 31 0;
v0x600002e302d0_0 .var/i "leading_zeros", 31 0;
v0x600002e30360_0 .var "store_input", 11 0;
v0x600002e303f0_0 .var/i "x", 31 0;
E_0x6000012358c0/0 .event edge, v0x600002e30000_0, v0x600002e301b0_0, v0x600002e30360_0, v0x600002e30240_0;
E_0x6000012358c0/1 .event edge, v0x600002e302d0_0, v0x600002e30120_0, v0x600002e30090_0;
E_0x6000012358c0 .event/or E_0x6000012358c0/0, E_0x6000012358c0/1;
S_0x7f81f9104560 .scope task, "testy" "testy" 3 8, 3 8 0, S_0x7f81f9105d00;
 .timescale 0 0;
v0x600002e30480_0 .var/i "testnum", 31 0;
TD_testbench.testy ;
    %load/vec4 v0x600002e30480_0;
    %pad/s 12;
    %store/vec4 v0x600002e30510_0, 0, 12;
    %delay 5, 0;
    %vpi_call/w 3 13 "$display", "S: %b ", v0x600002e306c0_0, "E: %b ", v0x600002e305a0_0, "F: %b ", v0x600002e30630_0, " or  ", "S: %d ", v0x600002e306c0_0, "E: %d ", v0x600002e305a0_0, "F: %d ", v0x600002e30630_0, "      Original Value: %d", v0x600002e30480_0 {0 0 0};
    %end;
    .scope S_0x7f81f91043f0;
T_1 ;
    %wait E_0x6000012358c0;
    %load/vec4 v0x600002e30000_0;
    %parti/s 1, 11, 5;
    %store/vec4 v0x600002e301b0_0, 0, 1;
    %pushi/vec4 11, 0, 32;
    %store/vec4 v0x600002e30240_0, 0, 32;
    %load/vec4 v0x600002e301b0_0;
    %cmpi/e 1, 0, 1;
    %jmp/0xz  T_1.0, 4;
    %load/vec4 v0x600002e30000_0;
    %inv;
    %store/vec4 v0x600002e30360_0, 0, 12;
    %load/vec4 v0x600002e30360_0;
    %addi 1, 0, 12;
    %store/vec4 v0x600002e30360_0, 0, 12;
    %jmp T_1.1;
T_1.0 ;
    %load/vec4 v0x600002e30000_0;
    %store/vec4 v0x600002e30360_0, 0, 12;
T_1.1 ;
T_1.2 ;
    %load/vec4 v0x600002e30360_0;
    %load/vec4 v0x600002e30240_0;
    %part/s 1;
    %pad/u 32;
    %pushi/vec4 0, 0, 32;
    %cmp/e;
    %flag_get/vec4 4;
    %load/vec4 v0x600002e30240_0;
    %pushi/vec4 0, 0, 32;
    %cmp/ne;
    %flag_get/vec4 4;
    %and;
    %flag_set/vec4 8;
    %jmp/0xz T_1.3, 8;
    %load/vec4 v0x600002e30240_0;
    %subi 1, 0, 32;
    %store/vec4 v0x600002e30240_0, 0, 32;
    %jmp T_1.2;
T_1.3 ;
    %pushi/vec4 11, 0, 32;
    %load/vec4 v0x600002e30240_0;
    %sub;
    %store/vec4 v0x600002e302d0_0, 0, 32;
    %load/vec4 v0x600002e302d0_0;
    %cmpi/s 8, 0, 32;
    %flag_inv 5; GE is !LT
    %jmp/0xz  T_1.4, 5;
    %pushi/vec4 0, 0, 3;
    %store/vec4 v0x600002e30090_0, 0, 3;
    %load/vec4 v0x600002e30360_0;
    %parti/s 4, 0, 2;
    %store/vec4 v0x600002e30120_0, 0, 4;
    %jmp T_1.5;
T_1.4 ;
    %pushi/vec4 8, 0, 32;
    %load/vec4 v0x600002e302d0_0;
    %sub;
    %pad/s 3;
    %store/vec4 v0x600002e30090_0, 0, 3;
    %pushi/vec4 0, 0, 32;
    %store/vec4 v0x600002e303f0_0, 0, 32;
T_1.6 ;
    %load/vec4 v0x600002e303f0_0;
    %cmpi/s 4, 0, 32;
    %jmp/0xz T_1.7, 5;
    %load/vec4 v0x600002e30120_0;
    %ix/load 4, 1, 0;
    %flag_set/imm 4, 0;
    %shiftl 4;
    %store/vec4 v0x600002e30120_0, 0, 4;
    %load/vec4 v0x600002e30360_0;
    %load/vec4 v0x600002e30240_0;
    %part/s 1;
    %ix/load 4, 0, 0;
    %flag_set/imm 4, 0;
    %store/vec4 v0x600002e30120_0, 4, 1;
    ; show_stmt_assign_vector: Get l-value for compressed -= operand
    %load/vec4 v0x600002e30240_0;
    %pushi/vec4 1, 0, 32;
    %sub;
    %store/vec4 v0x600002e30240_0, 0, 32;
    ; show_stmt_assign_vector: Get l-value for compressed += operand
    %load/vec4 v0x600002e303f0_0;
    %pushi/vec4 1, 0, 32;
    %add;
    %store/vec4 v0x600002e303f0_0, 0, 32;
    %jmp T_1.6;
T_1.7 ;
    %load/vec4 v0x600002e30360_0;
    %load/vec4 v0x600002e30240_0;
    %part/s 1;
    %cmpi/e 1, 0, 1;
    %jmp/0xz  T_1.8, 4;
    %load/vec4 v0x600002e30120_0;
    %cmpi/ne 15, 0, 4;
    %jmp/0xz  T_1.10, 4;
    %load/vec4 v0x600002e30120_0;
    %addi 1, 0, 4;
    %store/vec4 v0x600002e30120_0, 0, 4;
    %jmp T_1.11;
T_1.10 ;
    %load/vec4 v0x600002e30120_0;
    %pushi/vec4 15, 0, 4;
    %cmp/e;
    %flag_get/vec4 4;
    %load/vec4 v0x600002e30090_0;
    %pushi/vec4 7, 0, 3;
    %cmp/ne;
    %flag_get/vec4 4;
    %and;
    %flag_set/vec4 8;
    %jmp/0xz  T_1.12, 8;
    %load/vec4 v0x600002e30090_0;
    %addi 1, 0, 3;
    %store/vec4 v0x600002e30090_0, 0, 3;
    %pushi/vec4 8, 0, 4;
    %store/vec4 v0x600002e30120_0, 0, 4;
T_1.12 ;
T_1.11 ;
T_1.8 ;
T_1.5 ;
    %load/vec4 v0x600002e30360_0;
    %parti/s 1, 11, 5;
    %cmpi/e 1, 0, 1;
    %jmp/0xz  T_1.14, 4;
    %pushi/vec4 7, 0, 3;
    %store/vec4 v0x600002e30090_0, 0, 3;
    %pushi/vec4 15, 0, 4;
    %store/vec4 v0x600002e30120_0, 0, 4;
T_1.14 ;
    %jmp T_1;
    .thread T_1, $push;
    .scope S_0x7f81f9105d00;
T_2 ;
    %pushi/vec4 0, 0, 32;
    %store/vec4 v0x600002e30480_0, 0, 32;
    %fork TD_testbench.testy, S_0x7f81f9104560;
    %join;
    %pushi/vec4 4294967294, 0, 32;
    %store/vec4 v0x600002e30480_0, 0, 32;
    %fork TD_testbench.testy, S_0x7f81f9104560;
    %join;
    %pushi/vec4 210, 0, 32;
    %store/vec4 v0x600002e30480_0, 0, 32;
    %fork TD_testbench.testy, S_0x7f81f9104560;
    %join;
    %pushi/vec4 4294967256, 0, 32;
    %store/vec4 v0x600002e30480_0, 0, 32;
    %fork TD_testbench.testy, S_0x7f81f9104560;
    %join;
    %pushi/vec4 56, 0, 32;
    %store/vec4 v0x600002e30480_0, 0, 32;
    %fork TD_testbench.testy, S_0x7f81f9104560;
    %join;
    %pushi/vec4 4294965248, 0, 32;
    %store/vec4 v0x600002e30480_0, 0, 32;
    %fork TD_testbench.testy, S_0x7f81f9104560;
    %join;
    %pushi/vec4 2047, 0, 32;
    %store/vec4 v0x600002e30480_0, 0, 32;
    %fork TD_testbench.testy, S_0x7f81f9104560;
    %join;
    %pushi/vec4 44, 0, 32;
    %store/vec4 v0x600002e30480_0, 0, 32;
    %fork TD_testbench.testy, S_0x7f81f9104560;
    %join;
    %pushi/vec4 45, 0, 32;
    %store/vec4 v0x600002e30480_0, 0, 32;
    %fork TD_testbench.testy, S_0x7f81f9104560;
    %join;
    %pushi/vec4 46, 0, 32;
    %store/vec4 v0x600002e30480_0, 0, 32;
    %fork TD_testbench.testy, S_0x7f81f9104560;
    %join;
    %pushi/vec4 47, 0, 32;
    %store/vec4 v0x600002e30480_0, 0, 32;
    %fork TD_testbench.testy, S_0x7f81f9104560;
    %join;
    %end;
    .thread T_2;
# The file index is used to find the file name in the following table.
:file_names 5;
    "N/A";
    "<interactive>";
    "-";
    "tb.sv";
    "FPCVT.sv";
